  GrocerySim.cpp
C:\Users\lucas\OneDrive\C++ Applications\GrocerySim\GrocerySim\GrocerySim.cpp(12,2): error C2065: 'GroceryLine': undeclared identifier
C:\Users\lucas\OneDrive\C++ Applications\GrocerySim\GrocerySim\GrocerySim.cpp(12,15): error C2065: 'ExpressLane': undeclared identifier
C:\Users\lucas\OneDrive\C++ Applications\GrocerySim\GrocerySim\GrocerySim.cpp(12,33): error C2061: syntax error: identifier 'ExpressLine'
C:\Users\lucas\OneDrive\C++ Applications\GrocerySim\GrocerySim\GrocerySim.cpp(13,2): error C2065: 'GroceryLine': undeclared identifier
C:\Users\lucas\OneDrive\C++ Applications\GrocerySim\GrocerySim\GrocerySim.cpp(13,15): error C2065: 'NormalLane': undeclared identifier
C:\Users\lucas\OneDrive\C++ Applications\GrocerySim\GrocerySim\GrocerySim.cpp(13,32): error C2061: syntax error: identifier 'NormalLine'
C:\Users\lucas\OneDrive\C++ Applications\GrocerySim\GrocerySim\GrocerySim.cpp(21,2): error C2065: 'ExpressLane': undeclared identifier
C:\Users\lucas\OneDrive\C++ Applications\GrocerySim\GrocerySim\GrocerySim.cpp(25,4): error C2065: 'ExpressLane': undeclared identifier
C:\Users\lucas\OneDrive\C++ Applications\GrocerySim\GrocerySim\GrocerySim.cpp(27,3): error C2065: 'Customer': undeclared identifier
C:\Users\lucas\OneDrive\C++ Applications\GrocerySim\GrocerySim\GrocerySim.cpp(27,13): error C2065: 'customer': undeclared identifier
C:\Users\lucas\OneDrive\C++ Applications\GrocerySim\GrocerySim\GrocerySim.cpp(28,3): error C2065: 'customer': undeclared identifier
C:\Users\lucas\OneDrive\C++ Applications\GrocerySim\GrocerySim\GrocerySim.cpp(28,14): error C2065: 'ExpressLane': undeclared identifier
C:\Users\lucas\OneDrive\C++ Applications\GrocerySim\GrocerySim\GrocerySim.cpp(29,7): error C2065: 'customer': undeclared identifier
C:\Users\lucas\OneDrive\C++ Applications\GrocerySim\GrocerySim\GrocerySim.cpp(30,31): error C2065: 'customer': undeclared identifier
C:\Users\lucas\OneDrive\C++ Applications\GrocerySim\GrocerySim\GrocerySim.cpp(30,13): error C3861: 'printCustomerInfo': identifier not found
C:\Users\lucas\OneDrive\C++ Applications\GrocerySim\GrocerySim\GrocerySim.cpp(32,3): error C2065: 'customer': undeclared identifier
C:\Users\lucas\OneDrive\C++ Applications\GrocerySim\GrocerySim\GrocerySim.cpp(33,3): error C2065: 'customer': undeclared identifier
C:\Users\lucas\OneDrive\C++ Applications\GrocerySim\GrocerySim\GrocerySim.cpp(33,14): error C2065: 'ExpressLane': undeclared identifier
C:\Users\lucas\OneDrive\C++ Applications\GrocerySim\GrocerySim\GrocerySim.cpp(34,7): error C2065: 'customer': undeclared identifier
C:\Users\lucas\OneDrive\C++ Applications\GrocerySim\GrocerySim\GrocerySim.cpp(35,31): error C2065: 'customer': undeclared identifier
C:\Users\lucas\OneDrive\C++ Applications\GrocerySim\GrocerySim\GrocerySim.cpp(35,13): error C3861: 'printCustomerInfo': identifier not found
C:\Users\lucas\OneDrive\C++ Applications\GrocerySim\GrocerySim\GrocerySim.cpp(40,31): error C2065: 'Customer': undeclared identifier
C:\Users\lucas\OneDrive\C++ Applications\GrocerySim\GrocerySim\GrocerySim.cpp(40,41): error C2065: 'customer': undeclared identifier
C:\Users\lucas\OneDrive\C++ Applications\GrocerySim\GrocerySim\GrocerySim.cpp(40,51): error C2143: syntax error: missing ';' before '{'
C:\Users\lucas\OneDrive\C++ Applications\GrocerySim\GrocerySim\GrocerySim.cpp(42,8): error C2143: syntax error: missing ';' before '+='
C:\Users\lucas\OneDrive\C++ Applications\GrocerySim\GrocerySim\GrocerySim.cpp(42,8): error C4430: missing type specifier - int assumed. Note: C++ does not support default-int
C:\Users\lucas\OneDrive\C++ Applications\GrocerySim\GrocerySim\GrocerySim.cpp(42,2): error C2371: 'print': redefinition; different basic types
  C:\Users\lucas\OneDrive\C++ Applications\GrocerySim\GrocerySim\GrocerySim.cpp(41,14):
  see declaration of 'print'
  
C:\Users\lucas\OneDrive\C++ Applications\GrocerySim\GrocerySim\GrocerySim.cpp(42,8): error C2059: syntax error: '+='
C:\Users\lucas\OneDrive\C++ Applications\GrocerySim\GrocerySim\GrocerySim.cpp(43,8): error C2143: syntax error: missing ';' before '+='
C:\Users\lucas\OneDrive\C++ Applications\GrocerySim\GrocerySim\GrocerySim.cpp(43,8): error C4430: missing type specifier - int assumed. Note: C++ does not support default-int
C:\Users\lucas\OneDrive\C++ Applications\GrocerySim\GrocerySim\GrocerySim.cpp(43,2): error C2371: 'print': redefinition; different basic types
  C:\Users\lucas\OneDrive\C++ Applications\GrocerySim\GrocerySim\GrocerySim.cpp(41,14):
  see declaration of 'print'
  
C:\Users\lucas\OneDrive\C++ Applications\GrocerySim\GrocerySim\GrocerySim.cpp(43,8): error C2059: syntax error: '+='
C:\Users\lucas\OneDrive\C++ Applications\GrocerySim\GrocerySim\GrocerySim.cpp(44,8): error C2143: syntax error: missing ';' before '+='
C:\Users\lucas\OneDrive\C++ Applications\GrocerySim\GrocerySim\GrocerySim.cpp(44,8): error C4430: missing type specifier - int assumed. Note: C++ does not support default-int
C:\Users\lucas\OneDrive\C++ Applications\GrocerySim\GrocerySim\GrocerySim.cpp(44,2): error C2371: 'print': redefinition; different basic types
  C:\Users\lucas\OneDrive\C++ Applications\GrocerySim\GrocerySim\GrocerySim.cpp(41,14):
  see declaration of 'print'
  
C:\Users\lucas\OneDrive\C++ Applications\GrocerySim\GrocerySim\GrocerySim.cpp(44,8): error C2059: syntax error: '+='
C:\Users\lucas\OneDrive\C++ Applications\GrocerySim\GrocerySim\GrocerySim.cpp(45,8): error C2143: syntax error: missing ';' before '+='
C:\Users\lucas\OneDrive\C++ Applications\GrocerySim\GrocerySim\GrocerySim.cpp(45,8): error C4430: missing type specifier - int assumed. Note: C++ does not support default-int
C:\Users\lucas\OneDrive\C++ Applications\GrocerySim\GrocerySim\GrocerySim.cpp(45,2): error C2371: 'print': redefinition; different basic types
  C:\Users\lucas\OneDrive\C++ Applications\GrocerySim\GrocerySim\GrocerySim.cpp(41,14):
  see declaration of 'print'
  
C:\Users\lucas\OneDrive\C++ Applications\GrocerySim\GrocerySim\GrocerySim.cpp(45,8): error C2059: syntax error: '+='
C:\Users\lucas\OneDrive\C++ Applications\GrocerySim\GrocerySim\GrocerySim.cpp(46,8): error C2143: syntax error: missing ';' before '+='
C:\Users\lucas\OneDrive\C++ Applications\GrocerySim\GrocerySim\GrocerySim.cpp(46,8): error C4430: missing type specifier - int assumed. Note: C++ does not support default-int
C:\Users\lucas\OneDrive\C++ Applications\GrocerySim\GrocerySim\GrocerySim.cpp(46,2): error C2371: 'print': redefinition; different basic types
  C:\Users\lucas\OneDrive\C++ Applications\GrocerySim\GrocerySim\GrocerySim.cpp(41,14):
  see declaration of 'print'
  
C:\Users\lucas\OneDrive\C++ Applications\GrocerySim\GrocerySim\GrocerySim.cpp(46,8): error C2059: syntax error: '+='
C:\Users\lucas\OneDrive\C++ Applications\GrocerySim\GrocerySim\GrocerySim.cpp(47,8): error C2143: syntax error: missing ';' before '+='
C:\Users\lucas\OneDrive\C++ Applications\GrocerySim\GrocerySim\GrocerySim.cpp(47,8): error C4430: missing type specifier - int assumed. Note: C++ does not support default-int
C:\Users\lucas\OneDrive\C++ Applications\GrocerySim\GrocerySim\GrocerySim.cpp(47,2): error C2371: 'print': redefinition; different basic types
  C:\Users\lucas\OneDrive\C++ Applications\GrocerySim\GrocerySim\GrocerySim.cpp(41,14):
  see declaration of 'print'
  
C:\Users\lucas\OneDrive\C++ Applications\GrocerySim\GrocerySim\GrocerySim.cpp(47,8): error C2059: syntax error: '+='
C:\Users\lucas\OneDrive\C++ Applications\GrocerySim\GrocerySim\GrocerySim.cpp(48,8): error C2143: syntax error: missing ';' before '+='
C:\Users\lucas\OneDrive\C++ Applications\GrocerySim\GrocerySim\GrocerySim.cpp(48,8): error C4430: missing type specifier - int assumed. Note: C++ does not support default-int
C:\Users\lucas\OneDrive\C++ Applications\GrocerySim\GrocerySim\GrocerySim.cpp(48,2): error C2371: 'print': redefinition; different basic types
  C:\Users\lucas\OneDrive\C++ Applications\GrocerySim\GrocerySim\GrocerySim.cpp(41,14):
  see declaration of 'print'
  
C:\Users\lucas\OneDrive\C++ Applications\GrocerySim\GrocerySim\GrocerySim.cpp(48,8): error C2059: syntax error: '+='
C:\Users\lucas\OneDrive\C++ Applications\GrocerySim\GrocerySim\GrocerySim.cpp(49,2): error C2059: syntax error: 'return'
C:\Users\lucas\OneDrive\C++ Applications\GrocerySim\GrocerySim\GrocerySim.cpp(50,1): error C2059: syntax error: '}'
C:\Users\lucas\OneDrive\C++ Applications\GrocerySim\GrocerySim\GrocerySim.cpp(50,1): error C2143: syntax error: missing ';' before '}'
C:\Users\lucas\OneDrive\C++ Applications\GrocerySim\GrocerySim\GrocerySim.cpp(66,39): error C2143: syntax error: missing ';' before '{'
C:\Users\lucas\OneDrive\C++ Applications\GrocerySim\GrocerySim\GrocerySim.cpp(66,39): error C2447: '{': missing function header (old-style formal list?)
C:\Users\lucas\OneDrive\C++ Applications\GrocerySim\GrocerySim\GrocerySim.cpp(75,21): error C2504: 'Queue': base class undefined
C:\Users\lucas\OneDrive\C++ Applications\GrocerySim\GrocerySim\GrocerySim.cpp(84,10): error C2143: syntax error: missing ';' before '*'
C:\Users\lucas\OneDrive\C++ Applications\GrocerySim\GrocerySim\GrocerySim.cpp(84,10): error C4430: missing type specifier - int assumed. Note: C++ does not support default-int
C:\Users\lucas\OneDrive\C++ Applications\GrocerySim\GrocerySim\GrocerySim.cpp(84,37): error C2334: unexpected token(s) preceding '{'; skipping apparent function body
C:\Users\lucas\OneDrive\C++ Applications\GrocerySim\GrocerySim\GrocerySim.cpp(112,13): error C2039: 'QueueSize': is not a member of 'GroceryLine'
  C:\Users\lucas\OneDrive\C++ Applications\GrocerySim\GrocerySim\GrocerySim.cpp(75,7):
  see declaration of 'GroceryLine'
  
C:\Users\lucas\OneDrive\C++ Applications\GrocerySim\GrocerySim\GrocerySim.cpp(146,11): error C2143: syntax error: missing ';' before '*'
C:\Users\lucas\OneDrive\C++ Applications\GrocerySim\GrocerySim\GrocerySim.cpp(146,11): error C4430: missing type specifier - int assumed. Note: C++ does not support default-int
C:\Users\lucas\OneDrive\C++ Applications\GrocerySim\GrocerySim\GrocerySim.cpp(146,17): error C2238: unexpected token(s) preceding ';'
C:\Users\lucas\OneDrive\C++ Applications\GrocerySim\GrocerySim\GrocerySim.cpp(147,11): error C2143: syntax error: missing ';' before '*'
C:\Users\lucas\OneDrive\C++ Applications\GrocerySim\GrocerySim\GrocerySim.cpp(147,11): error C4430: missing type specifier - int assumed. Note: C++ does not support default-int
C:\Users\lucas\OneDrive\C++ Applications\GrocerySim\GrocerySim\GrocerySim.cpp(147,17): error C2238: unexpected token(s) preceding ';'
C:\Users\lucas\OneDrive\C++ Applications\GrocerySim\GrocerySim\GrocerySim.cpp(158,15): error C2061: syntax error: identifier 'Customer'
C:\Users\lucas\OneDrive\C++ Applications\GrocerySim\GrocerySim\GrocerySim.cpp(172,10): error C2143: syntax error: missing ';' before '*'
C:\Users\lucas\OneDrive\C++ Applications\GrocerySim\GrocerySim\GrocerySim.cpp(172,10): error C4430: missing type specifier - int assumed. Note: C++ does not support default-int
C:\Users\lucas\OneDrive\C++ Applications\GrocerySim\GrocerySim\GrocerySim.cpp(172,21): error C2334: unexpected token(s) preceding '{'; skipping apparent function body
C:\Users\lucas\OneDrive\C++ Applications\GrocerySim\GrocerySim\GrocerySim.cpp(153,3): error C2065: 'Tail': undeclared identifier
C:\Users\lucas\OneDrive\C++ Applications\GrocerySim\GrocerySim\GrocerySim.cpp(154,3): error C2065: 'Head': undeclared identifier
C:\Users\lucas\OneDrive\C++ Applications\GrocerySim\GrocerySim\GrocerySim.cpp(161,7): error C2065: 'Head': undeclared identifier
C:\Users\lucas\OneDrive\C++ Applications\GrocerySim\GrocerySim\GrocerySim.cpp(162,4): error C2065: 'QueueNode': undeclared identifier
C:\Users\lucas\OneDrive\C++ Applications\GrocerySim\GrocerySim\GrocerySim.cpp(162,15): error C2065: 'Node': undeclared identifier
C:\Users\lucas\OneDrive\C++ Applications\GrocerySim\GrocerySim\GrocerySim.cpp(162,26): error C2061: syntax error: identifier 'QueueNode'
C:\Users\lucas\OneDrive\C++ Applications\GrocerySim\GrocerySim\GrocerySim.cpp(163,4): error C2065: 'Head': undeclared identifier
C:\Users\lucas\OneDrive\C++ Applications\GrocerySim\GrocerySim\GrocerySim.cpp(163,11): error C2065: 'Node': undeclared identifier
C:\Users\lucas\OneDrive\C++ Applications\GrocerySim\GrocerySim\GrocerySim.cpp(164,4): error C2065: 'Tail': undeclared identifier
C:\Users\lucas\OneDrive\C++ Applications\GrocerySim\GrocerySim\GrocerySim.cpp(164,11): error C2065: 'Node': undeclared identifier
C:\Users\lucas\OneDrive\C++ Applications\GrocerySim\GrocerySim\GrocerySim.cpp(167,4): error C2065: 'QueueNode': undeclared identifier
C:\Users\lucas\OneDrive\C++ Applications\GrocerySim\GrocerySim\GrocerySim.cpp(167,15): error C2065: 'Node': undeclared identifier
C:\Users\lucas\OneDrive\C++ Applications\GrocerySim\GrocerySim\GrocerySim.cpp(167,26): error C2061: syntax error: identifier 'QueueNode'
C:\Users\lucas\OneDrive\C++ Applications\GrocerySim\GrocerySim\GrocerySim.cpp(168,4): error C2065: 'Tail': undeclared identifier
C:\Users\lucas\OneDrive\C++ Applications\GrocerySim\GrocerySim\GrocerySim.cpp(168,19): error C2065: 'Node': undeclared identifier
C:\Users\lucas\OneDrive\C++ Applications\GrocerySim\GrocerySim\GrocerySim.cpp(188,10): error C2143: syntax error: missing ';' before '*'
C:\Users\lucas\OneDrive\C++ Applications\GrocerySim\GrocerySim\GrocerySim.cpp(188,10): error C4430: missing type specifier - int assumed. Note: C++ does not support default-int
C:\Users\lucas\OneDrive\C++ Applications\GrocerySim\GrocerySim\GrocerySim.cpp(188,16): error C2238: unexpected token(s) preceding ';'
C:\Users\lucas\OneDrive\C++ Applications\GrocerySim\GrocerySim\GrocerySim.cpp(191,12): error C2061: syntax error: identifier 'Customer'
C:\Users\lucas\OneDrive\C++ Applications\GrocerySim\GrocerySim\GrocerySim.cpp(192,3): error C2065: 'data': undeclared identifier
C:\Users\lucas\OneDrive\C++ Applications\GrocerySim\GrocerySim\GrocerySim.cpp(192,10): error C2065: 'customer': undeclared identifier
C:\Users\lucas\OneDrive\C++ Applications\GrocerySim\GrocerySim\GrocerySim.cpp(193,11): error C2065: 'forward': undeclared identifier
C:\Users\lucas\OneDrive\C++ Applications\GrocerySim\GrocerySim\GrocerySim.cpp(211,10): error C2548: 'Customer::Customer': missing default argument for parameter 2
